{"/Users/lealsantana/Desktop/desafio-lanchonete-2023/src/caixa-da-lanchonete.js": {"path":"/Users/lealsantana/Desktop/desafio-lanchonete-2023/src/caixa-da-lanchonete.js","all":false,"statementMap":{"0":{"start":{"line":1,"column":0},"end":{"line":1,"column":25}},"1":{"start":{"line":2,"column":0},"end":{"line":2,"column":19}},"2":{"start":{"line":3,"column":0},"end":{"line":3,"column":25}},"3":{"start":{"line":4,"column":0},"end":{"line":4,"column":53}},"4":{"start":{"line":5,"column":0},"end":{"line":5,"column":77}},"5":{"start":{"line":6,"column":0},"end":{"line":6,"column":61}},"6":{"start":{"line":7,"column":0},"end":{"line":7,"column":63}},"7":{"start":{"line":8,"column":0},"end":{"line":8,"column":78}},"8":{"start":{"line":9,"column":0},"end":{"line":9,"column":59}},"9":{"start":{"line":10,"column":0},"end":{"line":10,"column":71}},"10":{"start":{"line":11,"column":0},"end":{"line":11,"column":70}},"11":{"start":{"line":12,"column":0},"end":{"line":12,"column":10}},"12":{"start":{"line":13,"column":0},"end":{"line":13,"column":0}},"13":{"start":{"line":14,"column":0},"end":{"line":14,"column":67}},"14":{"start":{"line":15,"column":0},"end":{"line":15,"column":5}},"15":{"start":{"line":16,"column":0},"end":{"line":16,"column":0}},"16":{"start":{"line":17,"column":0},"end":{"line":17,"column":53}},"17":{"start":{"line":18,"column":0},"end":{"line":18,"column":66}},"18":{"start":{"line":19,"column":0},"end":{"line":19,"column":50}},"19":{"start":{"line":20,"column":0},"end":{"line":20,"column":9}},"20":{"start":{"line":21,"column":0},"end":{"line":21,"column":0}},"21":{"start":{"line":22,"column":0},"end":{"line":22,"column":33}},"22":{"start":{"line":23,"column":0},"end":{"line":23,"column":57}},"23":{"start":{"line":24,"column":0},"end":{"line":24,"column":9}},"24":{"start":{"line":25,"column":0},"end":{"line":25,"column":0}},"25":{"start":{"line":26,"column":0},"end":{"line":26,"column":22}},"26":{"start":{"line":27,"column":0},"end":{"line":27,"column":0}},"27":{"start":{"line":28,"column":0},"end":{"line":28,"column":35}},"28":{"start":{"line":29,"column":0},"end":{"line":29,"column":61}},"29":{"start":{"line":30,"column":0},"end":{"line":30,"column":55}},"30":{"start":{"line":31,"column":0},"end":{"line":31,"column":0}},"31":{"start":{"line":32,"column":0},"end":{"line":32,"column":60}},"32":{"start":{"line":33,"column":0},"end":{"line":33,"column":40}},"33":{"start":{"line":34,"column":0},"end":{"line":34,"column":13}},"34":{"start":{"line":35,"column":0},"end":{"line":35,"column":0}},"35":{"start":{"line":36,"column":0},"end":{"line":36,"column":33}},"36":{"start":{"line":37,"column":0},"end":{"line":37,"column":46}},"37":{"start":{"line":38,"column":0},"end":{"line":38,"column":13}},"38":{"start":{"line":39,"column":0},"end":{"line":39,"column":0}},"39":{"start":{"line":40,"column":0},"end":{"line":40,"column":49}},"40":{"start":{"line":41,"column":0},"end":{"line":41,"column":0}},"41":{"start":{"line":42,"column":0},"end":{"line":42,"column":108}},"42":{"start":{"line":43,"column":0},"end":{"line":43,"column":72}},"43":{"start":{"line":44,"column":0},"end":{"line":44,"column":13}},"44":{"start":{"line":45,"column":0},"end":{"line":45,"column":9}},"45":{"start":{"line":46,"column":0},"end":{"line":46,"column":0}},"46":{"start":{"line":47,"column":0},"end":{"line":47,"column":47}},"47":{"start":{"line":48,"column":0},"end":{"line":48,"column":52}},"48":{"start":{"line":49,"column":0},"end":{"line":49,"column":53}},"49":{"start":{"line":50,"column":0},"end":{"line":50,"column":53}},"50":{"start":{"line":51,"column":0},"end":{"line":51,"column":9}},"51":{"start":{"line":52,"column":0},"end":{"line":52,"column":0}},"52":{"start":{"line":53,"column":0},"end":{"line":53,"column":55}},"53":{"start":{"line":54,"column":0},"end":{"line":54,"column":5}},"54":{"start":{"line":55,"column":0},"end":{"line":55,"column":1}},"55":{"start":{"line":56,"column":0},"end":{"line":56,"column":0}},"56":{"start":{"line":57,"column":0},"end":{"line":57,"column":29}}},"s":{"0":1,"1":1,"2":19,"3":19,"4":19,"5":19,"6":19,"7":19,"8":19,"9":19,"10":19,"11":19,"12":19,"13":19,"14":19,"15":1,"16":1,"17":19,"18":5,"19":5,"20":14,"21":19,"22":3,"23":3,"24":11,"25":11,"26":11,"27":19,"28":21,"29":21,"30":21,"31":21,"32":0,"33":0,"34":21,"35":21,"36":1,"37":1,"38":20,"39":20,"40":20,"41":21,"42":7,"43":7,"44":21,"45":3,"46":19,"47":1,"48":19,"49":1,"50":1,"51":3,"52":3,"53":3,"54":1,"55":1,"56":1},"branchMap":{"0":{"type":"branch","line":2,"loc":{"start":{"line":2,"column":4},"end":{"line":15,"column":5}},"locations":[{"start":{"line":2,"column":4},"end":{"line":15,"column":5}}]},"1":{"type":"branch","line":17,"loc":{"start":{"line":17,"column":4},"end":{"line":54,"column":5}},"locations":[{"start":{"line":17,"column":4},"end":{"line":54,"column":5}}]},"2":{"type":"branch","line":18,"loc":{"start":{"line":18,"column":65},"end":{"line":20,"column":9}},"locations":[{"start":{"line":18,"column":65},"end":{"line":20,"column":9}}]},"3":{"type":"branch","line":20,"loc":{"start":{"line":20,"column":8},"end":{"line":22,"column":32}},"locations":[{"start":{"line":20,"column":8},"end":{"line":22,"column":32}}]},"4":{"type":"branch","line":22,"loc":{"start":{"line":22,"column":32},"end":{"line":24,"column":9}},"locations":[{"start":{"line":22,"column":32},"end":{"line":24,"column":9}}]},"5":{"type":"branch","line":24,"loc":{"start":{"line":24,"column":8},"end":{"line":28,"column":34}},"locations":[{"start":{"line":24,"column":8},"end":{"line":28,"column":34}}]},"6":{"type":"branch","line":28,"loc":{"start":{"line":28,"column":34},"end":{"line":45,"column":9}},"locations":[{"start":{"line":28,"column":34},"end":{"line":45,"column":9}}]},"7":{"type":"branch","line":32,"loc":{"start":{"line":32,"column":59},"end":{"line":34,"column":13}},"locations":[{"start":{"line":32,"column":59},"end":{"line":34,"column":13}}]},"8":{"type":"branch","line":36,"loc":{"start":{"line":36,"column":32},"end":{"line":38,"column":13}},"locations":[{"start":{"line":36,"column":32},"end":{"line":38,"column":13}}]},"9":{"type":"branch","line":38,"loc":{"start":{"line":38,"column":12},"end":{"line":42,"column":56}},"locations":[{"start":{"line":38,"column":12},"end":{"line":42,"column":56}}]},"10":{"type":"branch","line":42,"loc":{"start":{"line":42,"column":52},"end":{"line":42,"column":105}},"locations":[{"start":{"line":42,"column":52},"end":{"line":42,"column":105}}]},"11":{"type":"branch","line":42,"loc":{"start":{"line":42,"column":107},"end":{"line":44,"column":13}},"locations":[{"start":{"line":42,"column":107},"end":{"line":44,"column":13}}]},"12":{"type":"branch","line":45,"loc":{"start":{"line":45,"column":8},"end":{"line":47,"column":46}},"locations":[{"start":{"line":45,"column":8},"end":{"line":47,"column":46}}]},"13":{"type":"branch","line":47,"loc":{"start":{"line":47,"column":46},"end":{"line":49,"column":9}},"locations":[{"start":{"line":47,"column":46},"end":{"line":49,"column":9}}]},"14":{"type":"branch","line":49,"loc":{"start":{"line":49,"column":9},"end":{"line":51,"column":9}},"locations":[{"start":{"line":49,"column":9},"end":{"line":51,"column":9}}]},"15":{"type":"branch","line":49,"loc":{"start":{"line":49,"column":52},"end":{"line":51,"column":9}},"locations":[{"start":{"line":49,"column":52},"end":{"line":51,"column":9}}]},"16":{"type":"branch","line":51,"loc":{"start":{"line":51,"column":8},"end":{"line":54,"column":5}},"locations":[{"start":{"line":51,"column":8},"end":{"line":54,"column":5}}]}},"b":{"0":[19],"1":[19],"2":[5],"3":[14],"4":[3],"5":[11],"6":[21],"7":[0],"8":[1],"9":[20],"10":[7],"11":[7],"12":[3],"13":[1],"14":[2],"15":[1],"16":[3]},"fnMap":{"0":{"name":"CaixaDaLanchonete","decl":{"start":{"line":2,"column":4},"end":{"line":15,"column":5}},"loc":{"start":{"line":2,"column":4},"end":{"line":15,"column":5}},"line":2},"1":{"name":"calcularValorDaCompra","decl":{"start":{"line":17,"column":4},"end":{"line":54,"column":5}},"loc":{"start":{"line":17,"column":4},"end":{"line":54,"column":5}},"line":17}},"f":{"0":19,"1":19}}
}
