TN:
SF:src/caixa-da-lanchonete.js
FN:2,CaixaDaLanchonete
FN:17,calcularValorDaCompra
FNF:2
FNH:2
FNDA:19,CaixaDaLanchonete
FNDA:19,calcularValorDaCompra
DA:1,1
DA:2,1
DA:3,19
DA:4,19
DA:5,19
DA:6,19
DA:7,19
DA:8,19
DA:9,19
DA:10,19
DA:11,19
DA:12,19
DA:13,19
DA:14,19
DA:15,19
DA:16,1
DA:17,1
DA:18,19
DA:19,5
DA:20,5
DA:21,14
DA:22,19
DA:23,3
DA:24,3
DA:25,11
DA:26,11
DA:27,11
DA:28,19
DA:29,21
DA:30,21
DA:31,21
DA:32,21
DA:33,0
DA:34,0
DA:35,21
DA:36,21
DA:37,1
DA:38,1
DA:39,20
DA:40,20
DA:41,20
DA:42,21
DA:43,7
DA:44,7
DA:45,21
DA:46,3
DA:47,19
DA:48,1
DA:49,19
DA:50,1
DA:51,1
DA:52,3
DA:53,3
DA:54,3
DA:55,1
DA:56,1
DA:57,1
LF:57
LH:55
BRDA:2,0,0,19
BRDA:17,1,0,19
BRDA:18,2,0,5
BRDA:20,3,0,14
BRDA:22,4,0,3
BRDA:24,5,0,11
BRDA:28,6,0,21
BRDA:32,7,0,0
BRDA:36,8,0,1
BRDA:38,9,0,20
BRDA:42,10,0,7
BRDA:42,11,0,7
BRDA:45,12,0,3
BRDA:47,13,0,1
BRDA:49,14,0,2
BRDA:49,15,0,1
BRDA:51,16,0,3
BRF:17
BRH:16
end_of_record
